<?xml version='1.0' encoding='UTF-8'?>
<testsuite hostname="LAPTOP-FETDL5H3" name="lambdaTimeIntervalPresentTests" tests="6" errors="0" failures="0" skipped="0" time="0.031" timestamp="2022-11-01T10:01:24">
          <properties>
      <property name="java.specification.version" value="18"/><property name="sun.cpu.isalist" value="amd64"/><property name="sun.jnu.encoding" value="Cp1252"/><property name="sun.arch.data.model" value="64"/><property name="java.vendor.url" value="https://java.oracle.com/"/><property name="sun.boot.library.path" value="C:\Program Files\Java\jdk-18.0.2.1\bin"/><property name="sun.java.command" value="xsbt.boot.Boot test"/><property name="jdk.debug" value="release"/><property name="sun.stderr.encoding" value="cp437"/><property name="java.specification.vendor" value="Oracle Corporation"/><property name="java.version.date" value="2022-08-18"/><property name="java.home" value="C:\Program Files\Java\jdk-18.0.2.1"/><property name="file.separator" value="\"/><property name="java.vm.compressedOopsMode" value="32-bit"/><property name="line.separator" value="
"/><property name="sun.stdout.encoding" value="cp437"/><property name="java.vm.specification.vendor" value="Oracle Corporation"/><property name="java.specification.name" value="Java Platform API Specification"/><property name="user.script" value=""/><property name="sun.management.compiler" value="HotSpot 64-Bit Tiered Compilers"/><property name="java.runtime.version" value="18.0.2.1+1-1"/><property name="user.name" value="omarc"/><property name="log4j.ignoreTCL" value="true"/><property name="file.encoding" value="UTF-8"/><property name="jnidispatch.path" value="C:\Users\omarc\AppData\Local\Temp\jna-105854900\jna14156742352001011429.dll"/><property name="jna.loaded" value="true"/><property name="java.io.tmpdir" value="C:\Users\omarc\AppData\Local\Temp\"/><property name="java.version" value="18.0.2.1"/><property name="java.vm.specification.name" value="Java Virtual Machine Specification"/><property name="sun.os.patch.level" value=""/><property name="native.encoding" value="Cp1252"/><property name="java.library.path" value="C:\Program Files\Java\jdk-18.0.2.1\bin;C:\WINDOWS\Sun\Java\bin;C:\WINDOWS\system32;C:\WINDOWS;C:\Program Files\Java\jdk-18.0.2.1\bin;C:\Program Files\Common Files\Oracle\Java\javapath;C:\Windows\system32;C:\Windows;C:\Windows\System32\Wbem;C:\Windows\System32\WindowsPowerShell\v1.0\;C:\Windows\System32\OpenSSH\;C:\Program Files (x86)\NVIDIA Corporation\PhysX\Common;C:\Program Files\NVIDIA Corporation\NVIDIA NvDLISR;C:\WINDOWS\system32;C:\WINDOWS;C:\WINDOWS\System32\Wbem;C:\WINDOWS\System32\WindowsPowerShell\v1.0\;C:\WINDOWS\System32\OpenSSH\;C:\Program Files\Java\jdk-18.0.2.1\bin;C:\Program Files\Apache Software Foundation\apache-maven\apache-maven-3.6.3\bin;C:\Program Files\dotnet\;C:\Program Files\nodejs\;C:\hadoop-3.3.4\bin;C:\hadoop-3.3.4\sbin;%HADOOP_BIN%\bin;C:\Program Files\Git\cmd;C:\Program Files\Docker\Docker\resources\bin;C:\Program Files\Amazon\AWSSAMCLI;C:\Program Files\Amazon\AWSCLIV2\;C:\Program Files\Amazon\AWSSAMCLI\bin\;C:\Program Files\PuTTY\;C:\Users\omarc\AppData\Local\Programs\Python\Python39\Scripts\;C:\Users\omarc\AppData\Local\Programs\Python\Python39\;C:\Users\omarc\AppData\Local\Programs\Python\Python310\Scripts\;C:\Users\omarc\AppData\Local\Programs\Python\Python310\;C:\Users\omarc\AppData\Local\Microsoft\WindowsApps;C:\Program Files\JetBrains\IntelliJ IDEA 2021.2.3\bin;C:\Users\omarc\AppData\Local\Programs\Microsoft VS Code\bin;C:\Program Files\JetBrains\CLion 2021.2.3\bin;C:\Program Files\JetBrains\PyCharm 2021.3.1\bin;C:\Program Files\JetBrains\JetBrains Rider 2021.3.3\bin;C:\Users\omarc\.dotnet\tools;C:\Program Files\JetBrains\WebStorm 2022.1.1\bin;C:\Users\omarc\AppData\Roaming\npm;C:\Users\omarc\AppData\Local\Coursier\data\bin;C:\Program Files\Java\jdk-18.0.2.1\bin;C:\Users\omarc\AppData\Local\JetBrains\Toolbox\scripts;;."/><property name="java.vendor" value="Oracle Corporation"/><property name="scala.ext.dirs" value="C:\Users\omarc\.sbt\1.0\java9-rt-ext-oracle_corporation_18_0_2_1"/><property name="sun.io.unicode.encoding" value="UnicodeLittle"/><property name="java.class.path" value="C:\Users\omarc\AppData\Local\Coursier\cache\arc\https\github.com\sbt\sbt\releases\download\v1.7.1\sbt-1.7.1.zip\sbt\bin\sbt-launch.jar"/><property name="java.vm.vendor" value="Oracle Corporation"/><property name="user.variant" value=""/><property name="jline.shutdownhook" value="false"/><property name="user.timezone" value="America/Chicago"/><property name="java.vm.specification.version" value="18"/><property name="os.name" value="Windows 11"/><property name="sun.java.launcher" value="SUN_STANDARD"/><property name="user.country" value="US"/><property name="sun.cpu.endian" value="little"/><property name="user.home" value="C:\Users\omarc"/><property name="user.language" value="en"/><property name="sbt.ipcsocket.tmpdir" value="C:\Users\omarc\AppData\Local\Temp\.sbt92371264\ipcsocket"/><property name="swoval.tmpdir" value="C:\Users\omarc\AppData\Local\Temp\.sbt92371264\swoval"/><property name="jline.esc.timeout" value="0"/><property name="path.separator" value=";"/><property name="os.version" value="10.0"/><property name="jna.nosys" value="true"/><property name="java.runtime.name" value="Java(TM) SE Runtime Environment"/><property name="java.vm.name" value="Java HotSpot(TM) 64-Bit Server VM"/><property name="java.vendor.url.bug" value="https://bugreport.java.com/bugreport/"/><property name="user.dir" value="C:\Users\omarc\Desktop\ScalaAkkagRPC"/><property name="os.arch" value="amd64"/><property name="java.vm.info" value="mixed mode, sharing"/><property name="java.vm.version" value="18.0.2.1+1-1"/><property name="java.class.version" value="62.0"/>
    </properties>
          <testcase classname="lambdaTimeIntervalPresentTests" name="lambda function that checks time interval logic should given a a time it should exist partially within the known interval" time="0.02">
                      
                    </testcase><testcase classname="lambdaTimeIntervalPresentTests" name="lambda function that checks time interval logic should given a a time that completely exists within the known interval" time="0.001">
                      
                    </testcase><testcase classname="lambdaTimeIntervalPresentTests" name="lambda function that checks time interval logic should given a a time that completely does not exists within the known interval" time="0.001">
                      
                    </testcase><testcase classname="lambdaTimeIntervalPresentTests" name="lambda function that checks time interval logic should splitting log entries must have expected length in timestamps" time="0.003">
                      
                    </testcase><testcase classname="lambdaTimeIntervalPresentTests" name="lambda function that checks time interval logic should splitting for the generated string at the end of a log entry should not cause an exception" time="0.001">
                      
                    </testcase><testcase classname="lambdaTimeIntervalPresentTests" name="lambda function that checks time interval logic should splitting for the generated string on a log that has the regex pattern in the generated string should be found" time="0.005">
                      
                    </testcase>
          <system-out><![CDATA[]]></system-out>
          <system-err><![CDATA[]]></system-err>
        </testsuite>